2023-11-02 00:04:07,514 :: AI has been generated
2023-11-02 00:04:12,398 :: adsd attacked AI 21
2023-11-02 00:04:12,399 :: Damage dealt: 15
2023-11-02 00:04:12,399 :: Extra Bonus exp percentage decimal: 1.2
2023-11-02 00:04:12,399 :: Target Exp Earned: 1.2
2023-11-02 00:04:47,747 :: dasd attacked AI 92
2023-11-02 00:04:47,747 :: Damage dealt: 11
2023-11-02 00:04:47,747 :: Extra Bonus exp percentage decimal: 1.2
2023-11-02 00:04:47,747 :: Target Exp Earned: 14.399999999999999
2023-11-02 00:04:52,619 :: adsd attacked AI 21
2023-11-02 00:04:52,619 :: Damage dealt: 3
2023-11-02 00:04:52,619 :: Extra Bonus exp percentage decimal: 1
2023-11-02 00:04:52,619 :: Target Exp Earned: 1
2023-11-02 00:04:54,139 :: AI 66 attacked adsd
2023-11-02 00:04:54,139 :: Damage dealt: 0
2023-11-02 00:04:54,140 :: Extra Bonus exp percentage decimal: 1.5
2023-11-02 00:04:54,140 :: Target Exp Earned: 21.0
2023-11-02 00:04:57,140 :: AI 92 attacked dasd
2023-11-02 00:04:57,140 :: Damage dealt: 0
2023-11-02 00:04:57,140 :: Extra Bonus exp percentage decimal: 1.5
2023-11-02 00:04:57,140 :: Target Exp Earned: 15.0
2023-11-02 00:05:00,142 :: AI 21 attacked dasd
2023-11-02 00:05:00,142 :: Damage dealt: 4
2023-11-02 00:05:00,142 :: Extra Bonus exp percentage decimal: 1
2023-11-02 00:05:00,142 :: Target Exp Earned: 10
2023-11-02 00:07:54,173 :: dasd attacked AI 92
2023-11-02 00:07:54,173 :: Damage dealt: 4
2023-11-02 00:07:54,173 :: Extra Bonus exp percentage decimal: 1
2023-11-02 00:07:54,173 :: Target Exp Earned: 12
2023-11-02 00:07:58,428 :: dasd attacked AI 92
2023-11-02 00:07:58,428 :: Damage dealt: 4
2023-11-02 00:07:58,428 :: Extra Bonus exp percentage decimal: 1
2023-11-02 00:07:58,428 :: Target Exp Earned: 12
2023-11-02 00:08:02,358 :: dasd attacked AI 92
2023-11-02 00:08:02,358 :: Damage dealt: 0
2023-11-02 00:08:02,358 :: Extra Bonus exp percentage decimal: 1.5
2023-11-02 00:08:02,358 :: Target Exp Earned: 18.0
2023-11-02 00:08:03,878 :: AI 66 attacked dasd
2023-11-02 00:08:03,878 :: Damage dealt: 0
2023-11-02 00:08:03,878 :: Extra Bonus exp percentage decimal: 1.5
2023-11-02 00:08:03,879 :: Target Exp Earned: 15.0
2023-11-02 00:08:06,879 :: AI 92 attacked adsd
2023-11-02 00:08:06,879 :: Damage dealt: 0
2023-11-02 00:08:06,879 :: Extra Bonus exp percentage decimal: 1.5
2023-11-02 00:08:06,879 :: Target Exp Earned: 21.0
2023-11-02 00:08:09,880 :: AI 21 attacked dasd
2023-11-02 00:08:09,880 :: Damage dealt: 0
2023-11-02 00:08:09,880 :: Extra Bonus exp percentage decimal: 1.5
2023-11-02 00:08:09,880 :: Target Exp Earned: 15.0
